#logback.classic pattern: %d [%thread] %-5level %logger{36} - %msg%n
2024-03-11 11:02:54,465 [main] INFO  o.s.t.c.s.AnnotationConfigContextLoaderUtils - Could not detect default configuration classes for test class [com.stepuro.customer.repository.CardRepositoryJdbcTests]: CardRepositoryJdbcTests does not declare any static, non-private, non-final, nested classes annotated with @Configuration.
2024-03-11 11:02:54,608 [main] INFO  o.s.b.t.c.SpringBootTestContextBootstrapper - Found @SpringBootConfiguration com.stepuro.customer.CustomerApplication for test class com.stepuro.customer.repository.CardRepositoryJdbcTests
#logback.classic pattern: %d [%thread] %-5level %logger{36} - %msg%n
2024-03-11 11:02:54,976 [background-preinit] INFO  o.h.validator.internal.util.Version - HV000001: Hibernate Validator 8.0.1.Final
2024-03-11 11:02:55,001 [main] INFO  c.s.c.r.CardRepositoryJdbcTests - Starting CardRepositoryJdbcTests using Java 21.0.1 with PID 182541 (started by vadimstepuro in /home/vadimstepuro/IdeaProjects/customer)
2024-03-11 11:02:55,003 [main] INFO  c.s.c.r.CardRepositoryJdbcTests - No active profile set, falling back to 1 default profile: "default"
2024-03-11 11:02:55,714 [main] INFO  o.s.d.r.c.RepositoryConfigurationDelegate - Multiple Spring Data modules found, entering strict repository configuration mode
2024-03-11 11:02:55,714 [main] INFO  o.s.d.r.c.RepositoryConfigurationDelegate - Bootstrapping Spring Data JDBC repositories in DEFAULT mode.
2024-03-11 11:02:55,723 [main] INFO  o.s.d.r.c.RepositoryConfigurationDelegate - Finished Spring Data repository scanning in 5 ms. Found 0 JDBC repository interfaces.
2024-03-11 11:02:56,003 [main] INFO  o.s.d.r.c.RepositoryConfigurationDelegate - Multiple Spring Data modules found, entering strict repository configuration mode
2024-03-11 11:02:56,005 [main] INFO  o.s.d.r.c.RepositoryConfigurationDelegate - Bootstrapping Spring Data JPA repositories in DEFAULT mode.
2024-03-11 11:02:56,150 [main] INFO  o.s.d.r.c.RepositoryConfigurationDelegate - Finished Spring Data repository scanning in 140 ms. Found 4 JPA repository interfaces.
2024-03-11 11:02:57,207 [main] INFO  liquibase.database - Set default schema name to PUBLIC
2024-03-11 11:02:57,562 [main] INFO  liquibase.changelog - Creating database history table with name: PUBLIC.DATABASECHANGELOG
2024-03-11 11:02:57,640 [main] INFO  liquibase.changelog - Reading from PUBLIC.DATABASECHANGELOG
2024-03-11 11:02:57,683 [main] INFO  liquibase.lockservice - Successfully acquired change log lock
2024-03-11 11:02:57,684 [main] INFO  liquibase.command - Using deploymentId: 0144177684
2024-03-11 11:02:57,685 [main] INFO  liquibase.changelog - Reading from PUBLIC.DATABASECHANGELOG
2024-03-11 11:02:57,695 [main] INFO  liquibase.changelog - ChangeSet db/changelog/db.changelog-master.yaml::01-migration::Stepuro Vadim ran successfully in 0ms
2024-03-11 11:02:57,701 [main] INFO  liquibase.changelog - ChangeSet db/changelog/db.changelog-master.yaml::02-migration::Stepuro Vadim ran successfully in 0ms
2024-03-11 11:02:57,704 [main] INFO  liquibase.changelog - ChangeSet db/changelog/db.changelog-master.yaml::03-migration::Stepuro Vadim ran successfully in 0ms
2024-03-11 11:02:57,707 [main] INFO  liquibase.changelog - ChangeSet db/changelog/db.changelog-master.yaml::04-migration::Stepuro Vadim ran successfully in 0ms
2024-03-11 11:02:57,712 [main] INFO  liquibase.util - UPDATE SUMMARY
2024-03-11 11:02:57,713 [main] INFO  liquibase.util - Run:                          4
2024-03-11 11:02:57,713 [main] INFO  liquibase.util - Previously run:               0
2024-03-11 11:02:57,713 [main] INFO  liquibase.util - Filtered out:                 0
2024-03-11 11:02:57,713 [main] INFO  liquibase.util - -------------------------------
2024-03-11 11:02:57,713 [main] INFO  liquibase.util - Total change sets:            4
2024-03-11 11:02:57,713 [main] INFO  liquibase.util - Update summary generated
2024-03-11 11:02:57,715 [main] INFO  liquibase.command - Update command completed successfully.
2024-03-11 11:02:57,718 [main] INFO  liquibase.lockservice - Successfully released change log lock
2024-03-11 11:02:57,718 [main] INFO  liquibase.command - Command execution complete
2024-03-11 11:02:57,843 [main] INFO  o.h.jpa.internal.util.LogHelper - HHH000204: Processing PersistenceUnitInfo [name: default]
2024-03-11 11:02:57,912 [main] INFO  org.hibernate.Version - HHH000412: Hibernate ORM core version 6.4.1.Final
2024-03-11 11:02:57,949 [main] INFO  o.h.c.i.RegionFactoryInitiator - HHH000026: Second-level cache disabled
2024-03-11 11:02:58,142 [main] INFO  o.s.o.j.p.SpringPersistenceUnitInfo - No LoadTimeWeaver setup: ignoring JPA class transformer
2024-03-11 11:02:58,997 [main] INFO  o.h.e.t.j.p.i.JtaPlatformInitiator - HHH000489: No JTA platform available (set 'hibernate.transaction.jta.platform' to enable JTA platform integration)
2024-03-11 11:02:59,033 [main] INFO  o.s.o.j.LocalContainerEntityManagerFactoryBean - Initialized JPA EntityManagerFactory for persistence unit 'default'
2024-03-11 11:03:00,152 [main] WARN  o.s.b.a.o.j.JpaBaseConfiguration$JpaWebConfiguration - spring.jpa.open-in-view is enabled by default. Therefore, database queries may be performed during view rendering. Explicitly configure spring.jpa.open-in-view to disable this warning
2024-03-11 11:03:00,819 [main] INFO  o.a.k.c.admin.AdminClientConfig - AdminClientConfig values: 
	auto.include.jmx.reporter = true
	bootstrap.servers = [kafka-service:9092]
	client.dns.lookup = use_all_dns_ips
	client.id = 
	connections.max.idle.ms = 300000
	default.api.timeout.ms = 60000
	metadata.max.age.ms = 300000
	metric.reporters = []
	metrics.num.samples = 2
	metrics.recording.level = INFO
	metrics.sample.window.ms = 30000
	receive.buffer.bytes = 65536
	reconnect.backoff.max.ms = 1000
	reconnect.backoff.ms = 50
	request.timeout.ms = 30000
	retries = 2147483647
	retry.backoff.ms = 100
	sasl.client.callback.handler.class = null
	sasl.jaas.config = null
	sasl.kerberos.kinit.cmd = /usr/bin/kinit
	sasl.kerberos.min.time.before.relogin = 60000
	sasl.kerberos.service.name = null
	sasl.kerberos.ticket.renew.jitter = 0.05
	sasl.kerberos.ticket.renew.window.factor = 0.8
	sasl.login.callback.handler.class = null
	sasl.login.class = null
	sasl.login.connect.timeout.ms = null
	sasl.login.read.timeout.ms = null
	sasl.login.refresh.buffer.seconds = 300
	sasl.login.refresh.min.period.seconds = 60
	sasl.login.refresh.window.factor = 0.8
	sasl.login.refresh.window.jitter = 0.05
	sasl.login.retry.backoff.max.ms = 10000
	sasl.login.retry.backoff.ms = 100
	sasl.mechanism = GSSAPI
	sasl.oauthbearer.clock.skew.seconds = 30
	sasl.oauthbearer.expected.audience = null
	sasl.oauthbearer.expected.issuer = null
	sasl.oauthbearer.jwks.endpoint.refresh.ms = 3600000
	sasl.oauthbearer.jwks.endpoint.retry.backoff.max.ms = 10000
	sasl.oauthbearer.jwks.endpoint.retry.backoff.ms = 100
	sasl.oauthbearer.jwks.endpoint.url = null
	sasl.oauthbearer.scope.claim.name = scope
	sasl.oauthbearer.sub.claim.name = sub
	sasl.oauthbearer.token.endpoint.url = null
	security.protocol = PLAINTEXT
	security.providers = null
	send.buffer.bytes = 131072
	socket.connection.setup.timeout.max.ms = 30000
	socket.connection.setup.timeout.ms = 10000
	ssl.cipher.suites = null
	ssl.enabled.protocols = [TLSv1.2, TLSv1.3]
	ssl.endpoint.identification.algorithm = https
	ssl.engine.factory.class = null
	ssl.key.password = null
	ssl.keymanager.algorithm = SunX509
	ssl.keystore.certificate.chain = null
	ssl.keystore.key = null
	ssl.keystore.location = null
	ssl.keystore.password = null
	ssl.keystore.type = JKS
	ssl.protocol = TLSv1.3
	ssl.provider = null
	ssl.secure.random.implementation = null
	ssl.trustmanager.algorithm = PKIX
	ssl.truststore.certificates = null
	ssl.truststore.location = null
	ssl.truststore.password = null
	ssl.truststore.type = JKS

2024-03-11 11:03:04,820 [main] WARN  o.apache.kafka.clients.ClientUtils - Couldn't resolve server kafka-service:9092 from bootstrap.servers as DNS resolution failed for kafka-service
2024-03-11 11:03:04,821 [main] ERROR o.s.kafka.core.KafkaAdmin - Could not create admin
org.apache.kafka.common.KafkaException: Failed to create new KafkaAdminClient
	at org.apache.kafka.clients.admin.KafkaAdminClient.createInternal(KafkaAdminClient.java:519)
	at org.apache.kafka.clients.admin.Admin.create(Admin.java:144)
	at org.apache.kafka.clients.admin.AdminClient.create(AdminClient.java:49)
	at org.springframework.kafka.core.KafkaAdmin.createAdmin(KafkaAdmin.java:379)
	at org.springframework.kafka.core.KafkaAdmin.initialize(KafkaAdmin.java:240)
	at org.springframework.kafka.core.KafkaAdmin.afterSingletonsInstantiated(KafkaAdmin.java:222)
	at org.springframework.beans.factory.support.DefaultListableBeanFactory.preInstantiateSingletons(DefaultListableBeanFactory.java:986)
	at org.springframework.context.support.AbstractApplicationContext.finishBeanFactoryInitialization(AbstractApplicationContext.java:959)
	at org.springframework.context.support.AbstractApplicationContext.refresh(AbstractApplicationContext.java:624)
	at org.springframework.boot.SpringApplication.refresh(SpringApplication.java:754)
	at org.springframework.boot.SpringApplication.refreshContext(SpringApplication.java:456)
	at org.springframework.boot.SpringApplication.run(SpringApplication.java:334)
	at org.springframework.boot.test.context.SpringBootContextLoader.lambda$loadContext$3(SpringBootContextLoader.java:137)
	at org.springframework.util.function.ThrowingSupplier.get(ThrowingSupplier.java:58)
	at org.springframework.util.function.ThrowingSupplier.get(ThrowingSupplier.java:46)
	at org.springframework.boot.SpringApplication.withHook(SpringApplication.java:1454)
	at org.springframework.boot.test.context.SpringBootContextLoader$ContextLoaderHook.run(SpringBootContextLoader.java:552)
	at org.springframework.boot.test.context.SpringBootContextLoader.loadContext(SpringBootContextLoader.java:137)
	at org.springframework.boot.test.context.SpringBootContextLoader.loadContext(SpringBootContextLoader.java:108)
	at org.springframework.test.context.cache.DefaultCacheAwareContextLoaderDelegate.loadContextInternal(DefaultCacheAwareContextLoaderDelegate.java:225)
	at org.springframework.test.context.cache.DefaultCacheAwareContextLoaderDelegate.loadContext(DefaultCacheAwareContextLoaderDelegate.java:152)
	at org.springframework.test.context.support.DefaultTestContext.getApplicationContext(DefaultTestContext.java:130)
	at org.springframework.test.context.web.ServletTestExecutionListener.setUpRequestContextIfNecessary(ServletTestExecutionListener.java:191)
	at org.springframework.test.context.web.ServletTestExecutionListener.prepareTestInstance(ServletTestExecutionListener.java:130)
	at org.springframework.test.context.TestContextManager.prepareTestInstance(TestContextManager.java:260)
	at org.springframework.test.context.junit.jupiter.SpringExtension.postProcessTestInstance(SpringExtension.java:163)
	at org.junit.jupiter.engine.descriptor.ClassBasedTestDescriptor.lambda$invokeTestInstancePostProcessors$10(ClassBasedTestDescriptor.java:378)
	at org.junit.jupiter.engine.descriptor.ClassBasedTestDescriptor.executeAndMaskThrowable(ClassBasedTestDescriptor.java:383)
	at org.junit.jupiter.engine.descriptor.ClassBasedTestDescriptor.lambda$invokeTestInstancePostProcessors$11(ClassBasedTestDescriptor.java:378)
	at java.base/java.util.stream.ReferencePipeline$3$1.accept(ReferencePipeline.java:197)
	at java.base/java.util.stream.ReferencePipeline$2$1.accept(ReferencePipeline.java:179)
	at java.base/java.util.ArrayList$ArrayListSpliterator.forEachRemaining(ArrayList.java:1708)
	at java.base/java.util.stream.AbstractPipeline.copyInto(AbstractPipeline.java:509)
	at java.base/java.util.stream.AbstractPipeline.wrapAndCopyInto(AbstractPipeline.java:499)
	at java.base/java.util.stream.StreamSpliterators$WrappingSpliterator.forEachRemaining(StreamSpliterators.java:310)
	at java.base/java.util.stream.Streams$ConcatSpliterator.forEachRemaining(Streams.java:735)
	at java.base/java.util.stream.Streams$ConcatSpliterator.forEachRemaining(Streams.java:734)
	at java.base/java.util.stream.ReferencePipeline$Head.forEach(ReferencePipeline.java:762)
	at org.junit.jupiter.engine.descriptor.ClassBasedTestDescriptor.invokeTestInstancePostProcessors(ClassBasedTestDescriptor.java:377)
	at org.junit.jupiter.engine.descriptor.ClassBasedTestDescriptor.lambda$instantiateAndPostProcessTestInstance$6(ClassBasedTestDescriptor.java:290)
	at org.junit.platform.engine.support.hierarchical.ThrowableCollector.execute(ThrowableCollector.java:73)
	at org.junit.jupiter.engine.descriptor.ClassBasedTestDescriptor.instantiateAndPostProcessTestInstance(ClassBasedTestDescriptor.java:289)
	at org.junit.jupiter.engine.descriptor.ClassBasedTestDescriptor.lambda$testInstancesProvider$4(ClassBasedTestDescriptor.java:279)
	at java.base/java.util.Optional.orElseGet(Optional.java:364)
	at org.junit.jupiter.engine.descriptor.ClassBasedTestDescriptor.lambda$testInstancesProvider$5(ClassBasedTestDescriptor.java:278)
	at org.junit.jupiter.engine.execution.TestInstancesProvider.getTestInstances(TestInstancesProvider.java:31)
	at org.junit.jupiter.engine.descriptor.TestMethodTestDescriptor.lambda$prepare$0(TestMethodTestDescriptor.java:106)
	at org.junit.platform.engine.support.hierarchical.ThrowableCollector.execute(ThrowableCollector.java:73)
	at org.junit.jupiter.engine.descriptor.TestMethodTestDescriptor.prepare(TestMethodTestDescriptor.java:105)
	at org.junit.jupiter.engine.descriptor.TestMethodTestDescriptor.prepare(TestMethodTestDescriptor.java:69)
	at org.junit.platform.engine.support.hierarchical.NodeTestTask.lambda$prepare$2(NodeTestTask.java:123)
	at org.junit.platform.engine.support.hierarchical.ThrowableCollector.execute(ThrowableCollector.java:73)
	at org.junit.platform.engine.support.hierarchical.NodeTestTask.prepare(NodeTestTask.java:123)
	at org.junit.platform.engine.support.hierarchical.NodeTestTask.execute(NodeTestTask.java:90)
	at java.base/java.util.ArrayList.forEach(ArrayList.java:1596)
	at org.junit.platform.engine.support.hierarchical.SameThreadHierarchicalTestExecutorService.invokeAll(SameThreadHierarchicalTestExecutorService.java:41)
	at org.junit.platform.engine.support.hierarchical.NodeTestTask.lambda$executeRecursively$6(NodeTestTask.java:155)
	at org.junit.platform.engine.support.hierarchical.ThrowableCollector.execute(ThrowableCollector.java:73)
	at org.junit.platform.engine.support.hierarchical.NodeTestTask.lambda$executeRecursively$8(NodeTestTask.java:141)
	at org.junit.platform.engine.support.hierarchical.Node.around(Node.java:137)
	at org.junit.platform.engine.support.hierarchical.NodeTestTask.lambda$executeRecursively$9(NodeTestTask.java:139)
	at org.junit.platform.engine.support.hierarchical.ThrowableCollector.execute(ThrowableCollector.java:73)
	at org.junit.platform.engine.support.hierarchical.NodeTestTask.executeRecursively(NodeTestTask.java:138)
	at org.junit.platform.engine.support.hierarchical.NodeTestTask.execute(NodeTestTask.java:95)
	at java.base/java.util.ArrayList.forEach(ArrayList.java:1596)
	at org.junit.platform.engine.support.hierarchical.SameThreadHierarchicalTestExecutorService.invokeAll(SameThreadHierarchicalTestExecutorService.java:41)
	at org.junit.platform.engine.support.hierarchical.NodeTestTask.lambda$executeRecursively$6(NodeTestTask.java:155)
	at org.junit.platform.engine.support.hierarchical.ThrowableCollector.execute(ThrowableCollector.java:73)
	at org.junit.platform.engine.support.hierarchical.NodeTestTask.lambda$executeRecursively$8(NodeTestTask.java:141)
	at org.junit.platform.engine.support.hierarchical.Node.around(Node.java:137)
	at org.junit.platform.engine.support.hierarchical.NodeTestTask.lambda$executeRecursively$9(NodeTestTask.java:139)
	at org.junit.platform.engine.support.hierarchical.ThrowableCollector.execute(ThrowableCollector.java:73)
	at org.junit.platform.engine.support.hierarchical.NodeTestTask.executeRecursively(NodeTestTask.java:138)
	at org.junit.platform.engine.support.hierarchical.NodeTestTask.execute(NodeTestTask.java:95)
	at org.junit.platform.engine.support.hierarchical.SameThreadHierarchicalTestExecutorService.submit(SameThreadHierarchicalTestExecutorService.java:35)
	at org.junit.platform.engine.support.hierarchical.HierarchicalTestExecutor.execute(HierarchicalTestExecutor.java:57)
	at org.junit.platform.engine.support.hierarchical.HierarchicalTestEngine.execute(HierarchicalTestEngine.java:54)
	at org.junit.platform.launcher.core.EngineExecutionOrchestrator.execute(EngineExecutionOrchestrator.java:198)
	at org.junit.platform.launcher.core.EngineExecutionOrchestrator.execute(EngineExecutionOrchestrator.java:169)
	at org.junit.platform.launcher.core.EngineExecutionOrchestrator.execute(EngineExecutionOrchestrator.java:93)
	at org.junit.platform.launcher.core.EngineExecutionOrchestrator.lambda$execute$0(EngineExecutionOrchestrator.java:58)
	at org.junit.platform.launcher.core.EngineExecutionOrchestrator.withInterceptedStreams(EngineExecutionOrchestrator.java:141)
	at org.junit.platform.launcher.core.EngineExecutionOrchestrator.execute(EngineExecutionOrchestrator.java:57)
	at org.junit.platform.launcher.core.DefaultLauncher.execute(DefaultLauncher.java:103)
	at org.junit.platform.launcher.core.DefaultLauncher.execute(DefaultLauncher.java:85)
	at org.junit.platform.launcher.core.DelegatingLauncher.execute(DelegatingLauncher.java:47)
	at org.apache.maven.surefire.junitplatform.LazyLauncher.execute(LazyLauncher.java:56)
	at org.apache.maven.surefire.junitplatform.JUnitPlatformProvider.execute(JUnitPlatformProvider.java:184)
	at org.apache.maven.surefire.junitplatform.JUnitPlatformProvider.invokeAllTests(JUnitPlatformProvider.java:148)
	at org.apache.maven.surefire.junitplatform.JUnitPlatformProvider.invoke(JUnitPlatformProvider.java:122)
	at org.apache.maven.surefire.booter.ForkedBooter.runSuitesInProcess(ForkedBooter.java:385)
	at org.apache.maven.surefire.booter.ForkedBooter.execute(ForkedBooter.java:162)
	at org.apache.maven.surefire.booter.ForkedBooter.run(ForkedBooter.java:507)
	at org.apache.maven.surefire.booter.ForkedBooter.main(ForkedBooter.java:495)
Caused by: org.apache.kafka.common.config.ConfigException: No resolvable bootstrap urls given in bootstrap.servers
	at org.apache.kafka.clients.ClientUtils.parseAndValidateAddresses(ClientUtils.java:101)
	at org.apache.kafka.clients.ClientUtils.parseAndValidateAddresses(ClientUtils.java:60)
	at org.apache.kafka.clients.ClientUtils.parseAndValidateAddresses(ClientUtils.java:56)
	at org.apache.kafka.clients.admin.KafkaAdminClient.createInternal(KafkaAdminClient.java:492)
	... 93 common frames omitted
2024-03-11 11:03:04,842 [main] INFO  c.s.c.r.CardRepositoryJdbcTests - Started CardRepositoryJdbcTests in 10.079 seconds (process running for 11.41)
2024-03-11 11:03:05,480 [main] INFO  o.s.t.c.s.AnnotationConfigContextLoaderUtils - Could not detect default configuration classes for test class [com.stepuro.customer.repository.IndividualRepositoryJdbcTests]: IndividualRepositoryJdbcTests does not declare any static, non-private, non-final, nested classes annotated with @Configuration.
2024-03-11 11:03:05,483 [main] INFO  o.s.b.t.c.SpringBootTestContextBootstrapper - Found @SpringBootConfiguration com.stepuro.customer.CustomerApplication for test class com.stepuro.customer.repository.IndividualRepositoryJdbcTests
2024-03-11 11:03:05,555 [main] INFO  o.s.t.c.s.AnnotationConfigContextLoaderUtils - Could not detect default configuration classes for test class [com.stepuro.customer.repository.LegalEntityRepositoryJdbcTests]: LegalEntityRepositoryJdbcTests does not declare any static, non-private, non-final, nested classes annotated with @Configuration.
2024-03-11 11:03:05,558 [main] INFO  o.s.b.t.c.SpringBootTestContextBootstrapper - Found @SpringBootConfiguration com.stepuro.customer.CustomerApplication for test class com.stepuro.customer.repository.LegalEntityRepositoryJdbcTests
2024-03-11 11:03:05,621 [main] INFO  o.s.t.c.s.AnnotationConfigContextLoaderUtils - Could not detect default configuration classes for test class [com.stepuro.customer.repository.AccountRepositoryJdbcTests]: AccountRepositoryJdbcTests does not declare any static, non-private, non-final, nested classes annotated with @Configuration.
2024-03-11 11:03:05,623 [main] INFO  o.s.b.t.c.SpringBootTestContextBootstrapper - Found @SpringBootConfiguration com.stepuro.customer.CustomerApplication for test class com.stepuro.customer.repository.AccountRepositoryJdbcTests
2024-03-11 11:03:05,682 [main] INFO  o.s.t.c.s.AnnotationConfigContextLoaderUtils - Could not detect default configuration classes for test class [com.stepuro.customer.repository.AccountRepositoryJpaTests]: AccountRepositoryJpaTests does not declare any static, non-private, non-final, nested classes annotated with @Configuration.
2024-03-11 11:03:05,700 [main] INFO  o.s.b.t.c.SpringBootTestContextBootstrapper - Found @SpringBootConfiguration com.stepuro.customer.CustomerApplication for test class com.stepuro.customer.repository.AccountRepositoryJpaTests
2024-03-11 11:03:05,726 [main] INFO  c.s.c.r.AccountRepositoryJpaTests - Starting AccountRepositoryJpaTests using Java 21.0.1 with PID 182541 (started by vadimstepuro in /home/vadimstepuro/IdeaProjects/customer)
2024-03-11 11:03:05,726 [main] INFO  c.s.c.r.AccountRepositoryJpaTests - No active profile set, falling back to 1 default profile: "default"
2024-03-11 11:03:05,845 [main] INFO  o.s.d.r.c.RepositoryConfigurationDelegate - Multiple Spring Data modules found, entering strict repository configuration mode
2024-03-11 11:03:05,845 [main] INFO  o.s.d.r.c.RepositoryConfigurationDelegate - Bootstrapping Spring Data JPA repositories in DEFAULT mode.
2024-03-11 11:03:05,865 [main] INFO  o.s.d.r.c.RepositoryConfigurationDelegate - Finished Spring Data repository scanning in 19 ms. Found 4 JPA repository interfaces.
2024-03-11 11:03:05,888 [main] INFO  o.s.b.t.a.j.TestDatabaseAutoConfiguration$EmbeddedDataSourceBeanFactoryPostProcessor - Replacing 'dataSource' DataSource bean with embedded version
2024-03-11 11:03:05,922 [main] INFO  o.s.j.d.e.EmbeddedDatabaseFactory - Starting embedded database: url='jdbc:h2:mem:6502ee6f-fb6e-4514-a3fa-d9ca403f9309;DB_CLOSE_DELAY=-1;DB_CLOSE_ON_EXIT=false', username='sa'
2024-03-11 11:03:05,929 [main] INFO  liquibase.database - Set default schema name to PUBLIC
2024-03-11 11:03:05,988 [main] INFO  liquibase.changelog - Creating database history table with name: PUBLIC.DATABASECHANGELOG
2024-03-11 11:03:05,993 [main] INFO  liquibase.changelog - Reading from PUBLIC.DATABASECHANGELOG
2024-03-11 11:03:06,005 [main] INFO  liquibase.lockservice - Successfully acquired change log lock
2024-03-11 11:03:06,006 [main] INFO  liquibase.command - Using deploymentId: 0144186006
2024-03-11 11:03:06,007 [main] INFO  liquibase.changelog - Reading from PUBLIC.DATABASECHANGELOG
2024-03-11 11:03:06,010 [main] INFO  liquibase.changelog - ChangeSet db/changelog/db.changelog-master.yaml::01-migration::Stepuro Vadim ran successfully in 1ms
2024-03-11 11:03:06,014 [main] INFO  liquibase.changelog - ChangeSet db/changelog/db.changelog-master.yaml::02-migration::Stepuro Vadim ran successfully in 1ms
2024-03-11 11:03:06,016 [main] INFO  liquibase.changelog - ChangeSet db/changelog/db.changelog-master.yaml::03-migration::Stepuro Vadim ran successfully in 0ms
2024-03-11 11:03:06,019 [main] INFO  liquibase.changelog - ChangeSet db/changelog/db.changelog-master.yaml::04-migration::Stepuro Vadim ran successfully in 0ms
2024-03-11 11:03:06,022 [main] INFO  liquibase.util - UPDATE SUMMARY
2024-03-11 11:03:06,023 [main] INFO  liquibase.util - Run:                          4
2024-03-11 11:03:06,023 [main] INFO  liquibase.util - Previously run:               0
2024-03-11 11:03:06,023 [main] INFO  liquibase.util - Filtered out:                 0
2024-03-11 11:03:06,023 [main] INFO  liquibase.util - -------------------------------
2024-03-11 11:03:06,023 [main] INFO  liquibase.util - Total change sets:            4
2024-03-11 11:03:06,023 [main] INFO  liquibase.util - Update summary generated
2024-03-11 11:03:06,024 [main] INFO  liquibase.command - Update command completed successfully.
2024-03-11 11:03:06,025 [main] INFO  liquibase.lockservice - Successfully released change log lock
2024-03-11 11:03:06,026 [main] INFO  liquibase.command - Command execution complete
2024-03-11 11:03:06,053 [main] INFO  o.h.jpa.internal.util.LogHelper - HHH000204: Processing PersistenceUnitInfo [name: default]
2024-03-11 11:03:06,056 [main] INFO  o.h.c.i.RegionFactoryInitiator - HHH000026: Second-level cache disabled
2024-03-11 11:03:06,061 [main] INFO  o.s.o.j.p.SpringPersistenceUnitInfo - No LoadTimeWeaver setup: ignoring JPA class transformer
2024-03-11 11:03:06,202 [main] INFO  o.h.e.t.j.p.i.JtaPlatformInitiator - HHH000489: No JTA platform available (set 'hibernate.transaction.jta.platform' to enable JTA platform integration)
2024-03-11 11:03:06,214 [main] INFO  o.s.o.j.LocalContainerEntityManagerFactoryBean - Initialized JPA EntityManagerFactory for persistence unit 'default'
2024-03-11 11:03:06,313 [main] INFO  c.s.c.r.AccountRepositoryJpaTests - Started AccountRepositoryJpaTests in 0.61 seconds (process running for 12.881)
2024-03-11 11:03:06,874 [main] INFO  o.s.t.c.s.AnnotationConfigContextLoaderUtils - Could not detect default configuration classes for test class [com.stepuro.customer.repository.IndividualRepositoryJpaTests]: IndividualRepositoryJpaTests does not declare any static, non-private, non-final, nested classes annotated with @Configuration.
2024-03-11 11:03:06,882 [main] INFO  o.s.b.t.c.SpringBootTestContextBootstrapper - Found @SpringBootConfiguration com.stepuro.customer.CustomerApplication for test class com.stepuro.customer.repository.IndividualRepositoryJpaTests
2024-03-11 11:03:06,948 [main] INFO  o.s.t.c.s.AnnotationConfigContextLoaderUtils - Could not detect default configuration classes for test class [com.stepuro.customer.repository.LegalEntityRepositoryJpaTests]: LegalEntityRepositoryJpaTests does not declare any static, non-private, non-final, nested classes annotated with @Configuration.
2024-03-11 11:03:06,957 [main] INFO  o.s.b.t.c.SpringBootTestContextBootstrapper - Found @SpringBootConfiguration com.stepuro.customer.CustomerApplication for test class com.stepuro.customer.repository.LegalEntityRepositoryJpaTests
2024-03-11 11:03:07,031 [main] INFO  o.s.t.c.s.AnnotationConfigContextLoaderUtils - Could not detect default configuration classes for test class [com.stepuro.customer.repository.CardRepositoryJpaTests]: CardRepositoryJpaTests does not declare any static, non-private, non-final, nested classes annotated with @Configuration.
2024-03-11 11:03:07,051 [main] INFO  o.s.b.t.c.SpringBootTestContextBootstrapper - Found @SpringBootConfiguration com.stepuro.customer.CustomerApplication for test class com.stepuro.customer.repository.CardRepositoryJpaTests
2024-03-11 11:03:07,897 [main] INFO  o.s.t.c.s.AnnotationConfigContextLoaderUtils - Could not detect default configuration classes for test class [com.stepuro.customer.CustomerApplicationTests]: CustomerApplicationTests does not declare any static, non-private, non-final, nested classes annotated with @Configuration.
2024-03-11 11:03:07,912 [main] INFO  o.s.b.t.c.SpringBootTestContextBootstrapper - Found @SpringBootConfiguration com.stepuro.customer.CustomerApplication for test class com.stepuro.customer.CustomerApplicationTests
2024-03-11 11:03:07,941 [SpringApplicationShutdownHook] INFO  o.s.o.j.LocalContainerEntityManagerFactoryBean - Closing JPA EntityManagerFactory for persistence unit 'default'
2024-03-11 11:03:07,952 [SpringApplicationShutdownHook] INFO  o.s.o.j.LocalContainerEntityManagerFactoryBean - Closing JPA EntityManagerFactory for persistence unit 'default'
